<?xml version="1.0" encoding="UTF-8"?>
<testsuite xmlns:xsi="http://www.w3.org/2001/XMLSchema-instance" xsi:noNamespaceSchemaLocation="https://maven.apache.org/surefire/maven-surefire-plugin/xsd/surefire-test-report.xsd" version="3.0.2" name="com.datadoghq.stickerlandia.stickercatalogue.StickerResourceTest" time="0.453" tests="9" errors="0" skipped="0" failures="0">
  <properties>
[...]
</properties>
  <testcase name="testGetNonExistingStickerMetadataReturns404" classname="com.datadoghq.stickerlandia.stickercatalogue.StickerResourceTest" time="0.13">
    <system-out><![CDATA[&amp#27;[35m[Hibernate]&amp#27;[0m 
    &amp#27;[34mselect&amp#27;[0m
        s1_0.sticker_id,
        s1_0.created_at,
        s1_0.description,
        s1_0.image_key,
        s1_0.image_url,
        s1_0.name,
        s1_0.sticker_quantity_remaining,
        s1_0.updated_at 
    &amp#27;[34mfrom&amp#27;[0m
        stickers s1_0 
    &amp#27;[34mwhere&amp#27;[0m
        s1_0.sticker_id=?
&amp#27;[35m[Hibernate]&amp#27;[0m 
    &amp#27;[34minsert&amp#27;[0m 
    &amp#27;[34minto&amp#27;[0m
        stickers
        (created_at, description, image_key, image_url, name, sticker_quantity_remaining, updated_at, sticker_id) 
    &amp#27;[34mvalues&amp#27;[0m
        (?, ?, ?, ?, ?, ?, ?, ?)
&amp#27;[35m[Hibernate]&amp#27;[0m 
    &amp#27;[34mselect&amp#27;[0m
        s1_0.sticker_id,
        s1_0.created_at,
        s1_0.description,
        s1_0.image_key,
        s1_0.image_url,
        s1_0.name,
        s1_0.sticker_quantity_remaining,
        s1_0.updated_at 
    &amp#27;[34mfrom&amp#27;[0m
        stickers s1_0 
    &amp#27;[34mwhere&amp#27;[0m
        s1_0.sticker_id=?
]]></system-out>
  </testcase>
  <testcase name="testCreateSticker" classname="com.datadoghq.stickerlandia.stickercatalogue.StickerResourceTest" time="0.072">
    <system-out><![CDATA[&amp#27;[35m[Hibernate]&amp#27;[0m 
    &amp#27;[34mselect&amp#27;[0m
        s1_0.sticker_id,
        s1_0.created_at,
        s1_0.description,
        s1_0.image_key,
        s1_0.image_url,
        s1_0.name,
        s1_0.sticker_quantity_remaining,
        s1_0.updated_at 
    &amp#27;[34mfrom&amp#27;[0m
        stickers s1_0 
    &amp#27;[34mwhere&amp#27;[0m
        s1_0.sticker_id=?
&amp#27;[35m[Hibernate]&amp#27;[0m 
    &amp#27;[34minsert&amp#27;[0m 
    &amp#27;[34minto&amp#27;[0m
        stickers
        (created_at, description, image_key, image_url, name, sticker_quantity_remaining, updated_at, sticker_id) 
    &amp#27;[34mvalues&amp#27;[0m
        (?, ?, ?, ?, ?, ?, ?, ?)
]]></system-out>
  </testcase>
  <testcase name="testGetImageForNonExistingStickerReturns404" classname="com.datadoghq.stickerlandia.stickercatalogue.StickerResourceTest" time="0.021">
    <system-out><![CDATA[&amp#27;[35m[Hibernate]&amp#27;[0m 
    &amp#27;[34mselect&amp#27;[0m
        s1_0.sticker_id,
        s1_0.created_at,
        s1_0.description,
        s1_0.image_key,
        s1_0.image_url,
        s1_0.name,
        s1_0.sticker_quantity_remaining,
        s1_0.updated_at 
    &amp#27;[34mfrom&amp#27;[0m
        stickers s1_0 
    &amp#27;[34mwhere&amp#27;[0m
        s1_0.sticker_id=?
&amp#27;[35m[Hibernate]&amp#27;[0m 
    &amp#27;[34mselect&amp#27;[0m
        s1_0.sticker_id,
        s1_0.created_at,
        s1_0.description,
        s1_0.image_key,
        s1_0.image_url,
        s1_0.name,
        s1_0.sticker_quantity_remaining,
        s1_0.updated_at 
    &amp#27;[34mfrom&amp#27;[0m
        stickers s1_0 
    &amp#27;[34mwhere&amp#27;[0m
        s1_0.sticker_id=?
]]></system-out>
  </testcase>
  <testcase name="testUpdateNonExistingStickerReturns404" classname="com.datadoghq.stickerlandia.stickercatalogue.StickerResourceTest" time="0.026">
    <system-out><![CDATA[&amp#27;[35m[Hibernate]&amp#27;[0m 
    &amp#27;[34mselect&amp#27;[0m
        s1_0.sticker_id,
        s1_0.created_at,
        s1_0.description,
        s1_0.image_key,
        s1_0.image_url,
        s1_0.name,
        s1_0.sticker_quantity_remaining,
        s1_0.updated_at 
    &amp#27;[34mfrom&amp#27;[0m
        stickers s1_0 
    &amp#27;[34mwhere&amp#27;[0m
        s1_0.sticker_id=?
&amp#27;[35m[Hibernate]&amp#27;[0m 
    &amp#27;[34mselect&amp#27;[0m
        s1_0.sticker_id,
        s1_0.created_at,
        s1_0.description,
        s1_0.image_key,
        s1_0.image_url,
        s1_0.name,
        s1_0.sticker_quantity_remaining,
        s1_0.updated_at 
    &amp#27;[34mfrom&amp#27;[0m
        stickers s1_0 
    &amp#27;[34mwhere&amp#27;[0m
        s1_0.sticker_id=?
]]></system-out>
  </testcase>
  <testcase name="testGetExistingStickerMetadata" classname="com.datadoghq.stickerlandia.stickercatalogue.StickerResourceTest" time="0.021">
    <system-out><![CDATA[&amp#27;[35m[Hibernate]&amp#27;[0m 
    &amp#27;[34mselect&amp#27;[0m
        s1_0.sticker_id,
        s1_0.created_at,
        s1_0.description,
        s1_0.image_key,
        s1_0.image_url,
        s1_0.name,
        s1_0.sticker_quantity_remaining,
        s1_0.updated_at 
    &amp#27;[34mfrom&amp#27;[0m
        stickers s1_0 
    &amp#27;[34mwhere&amp#27;[0m
        s1_0.sticker_id=?
&amp#27;[35m[Hibernate]&amp#27;[0m 
    &amp#27;[34mselect&amp#27;[0m
        s1_0.sticker_id,
        s1_0.created_at,
        s1_0.description,
        s1_0.image_key,
        s1_0.image_url,
        s1_0.name,
        s1_0.sticker_quantity_remaining,
        s1_0.updated_at 
    &amp#27;[34mfrom&amp#27;[0m
        stickers s1_0 
    &amp#27;[34mwhere&amp#27;[0m
        s1_0.sticker_id=?
]]></system-out>
  </testcase>
  <testcase name="testGetAllStickers" classname="com.datadoghq.stickerlandia.stickercatalogue.StickerResourceTest" time="0.124">
    <system-out><![CDATA[&amp#27;[35m[Hibernate]&amp#27;[0m 
    &amp#27;[34mselect&amp#27;[0m
        s1_0.sticker_id,
        s1_0.created_at,
        s1_0.description,
        s1_0.image_key,
        s1_0.image_url,
        s1_0.name,
        s1_0.sticker_quantity_remaining,
        s1_0.updated_at 
    &amp#27;[34mfrom&amp#27;[0m
        stickers s1_0 
    &amp#27;[34mwhere&amp#27;[0m
        s1_0.sticker_id=?
&amp#27;[35m[Hibernate]&amp#27;[0m 
    &amp#27;[34mselect&amp#27;[0m
        s1_0.sticker_id,
        s1_0.created_at,
        s1_0.description,
        s1_0.image_key,
        s1_0.image_url,
        s1_0.name,
        s1_0.sticker_quantity_remaining,
        s1_0.updated_at 
    &amp#27;[34mfrom&amp#27;[0m
        stickers s1_0 
    &amp#27;[34morder&amp#27;[0m &amp#27;[34mby&amp#27;[0m
        s1_0.created_at desc 
    &amp#27;[34moffset&amp#27;[0m
        ? &amp#27;[34mrows&amp#27;[0m 
    &amp#27;[34mfetch&amp#27;[0m
        first ? &amp#27;[34mrows&amp#27;[0m &amp#27;[34monly&amp#27;[0m
]]></system-out>
  </testcase>
  <testcase name="testUploadImageForNonExistingStickerReturns404" classname="com.datadoghq.stickerlandia.stickercatalogue.StickerResourceTest" time="0.021">
    <system-out><![CDATA[&amp#27;[35m[Hibernate]&amp#27;[0m 
    &amp#27;[34mselect&amp#27;[0m
        s1_0.sticker_id,
        s1_0.created_at,
        s1_0.description,
        s1_0.image_key,
        s1_0.image_url,
        s1_0.name,
        s1_0.sticker_quantity_remaining,
        s1_0.updated_at 
    &amp#27;[34mfrom&amp#27;[0m
        stickers s1_0 
    &amp#27;[34mwhere&amp#27;[0m
        s1_0.sticker_id=?
&amp#27;[35m[Hibernate]&amp#27;[0m 
    &amp#27;[34mselect&amp#27;[0m
        s1_0.sticker_id,
        s1_0.created_at,
        s1_0.description,
        s1_0.image_key,
        s1_0.image_url,
        s1_0.name,
        s1_0.sticker_quantity_remaining,
        s1_0.updated_at 
    &amp#27;[34mfrom&amp#27;[0m
        stickers s1_0 
    &amp#27;[34mwhere&amp#27;[0m
        s1_0.sticker_id=?
]]></system-out>
  </testcase>
  <testcase name="testDeleteNonExistingStickerReturns404" classname="com.datadoghq.stickerlandia.stickercatalogue.StickerResourceTest" time="0.017">
    <system-out><![CDATA[&amp#27;[35m[Hibernate]&amp#27;[0m 
    &amp#27;[34mselect&amp#27;[0m
        s1_0.sticker_id,
        s1_0.created_at,
        s1_0.description,
        s1_0.image_key,
        s1_0.image_url,
        s1_0.name,
        s1_0.sticker_quantity_remaining,
        s1_0.updated_at 
    &amp#27;[34mfrom&amp#27;[0m
        stickers s1_0 
    &amp#27;[34mwhere&amp#27;[0m
        s1_0.sticker_id=?
&amp#27;[35m[Hibernate]&amp#27;[0m 
    &amp#27;[34mselect&amp#27;[0m
        s1_0.sticker_id,
        s1_0.created_at,
        s1_0.description,
        s1_0.image_key,
        s1_0.image_url,
        s1_0.name,
        s1_0.sticker_quantity_remaining,
        s1_0.updated_at 
    &amp#27;[34mfrom&amp#27;[0m
        stickers s1_0 
    &amp#27;[34mwhere&amp#27;[0m
        s1_0.sticker_id=?
]]></system-out>
  </testcase>
  <testcase name="testGetImageForStickerWithoutImageReturns404" classname="com.datadoghq.stickerlandia.stickercatalogue.StickerResourceTest" time="0.016">
    <system-out><![CDATA[&amp#27;[35m[Hibernate]&amp#27;[0m 
    &amp#27;[34mselect&amp#27;[0m
        s1_0.sticker_id,
        s1_0.created_at,
        s1_0.description,
        s1_0.image_key,
        s1_0.image_url,
        s1_0.name,
        s1_0.sticker_quantity_remaining,
        s1_0.updated_at 
    &amp#27;[34mfrom&amp#27;[0m
        stickers s1_0 
    &amp#27;[34mwhere&amp#27;[0m
        s1_0.sticker_id=?
&amp#27;[35m[Hibernate]&amp#27;[0m 
    &amp#27;[34mselect&amp#27;[0m
        s1_0.sticker_id,
        s1_0.created_at,
        s1_0.description,
        s1_0.image_key,
        s1_0.image_url,
        s1_0.name,
        s1_0.sticker_quantity_remaining,
        s1_0.updated_at 
    &amp#27;[34mfrom&amp#27;[0m
        stickers s1_0 
    &amp#27;[34mwhere&amp#27;[0m
        s1_0.sticker_id=?
]]></system-out>
  </testcase>
</testsuite>